2024-06-29 01:19:10,988 - logger - INFO - 0 gpu 3
2024-06-29 01:19:10,989 - logger - INFO - Batch size is: 1	epochs: 1000
2024-06-29 01:19:12,631 - logger - INFO - Common weights:
2024-06-29 01:19:12,631 - logger - INFO - Loaded weight for layer: swinViT.patch_embed.proj.weight
2024-06-29 01:19:12,631 - logger - INFO - Loaded weight for layer: swinViT.patch_embed.proj.bias
2024-06-29 01:19:12,631 - logger - INFO - Loaded weight for layer: swinViT.layers1.0.blocks.0.norm1.weight
2024-06-29 01:19:12,632 - logger - INFO - Loaded weight for layer: swinViT.layers1.0.blocks.0.norm1.bias
2024-06-29 01:19:12,632 - logger - INFO - Loaded weight for layer: swinViT.layers1.0.blocks.0.attn.relative_position_bias_table
2024-06-29 01:19:12,632 - logger - INFO - Loaded weight for layer: swinViT.layers1.0.blocks.0.attn.relative_position_index
2024-06-29 01:19:12,632 - logger - INFO - Loaded weight for layer: swinViT.layers1.0.blocks.0.attn.qkv.weight
2024-06-29 01:19:12,632 - logger - INFO - Loaded weight for layer: swinViT.layers1.0.blocks.0.attn.qkv.bias
2024-06-29 01:19:12,632 - logger - INFO - Loaded weight for layer: swinViT.layers1.0.blocks.0.attn.proj.weight
2024-06-29 01:19:12,632 - logger - INFO - Loaded weight for layer: swinViT.layers1.0.blocks.0.attn.proj.bias
2024-06-29 01:19:12,632 - logger - INFO - Loaded weight for layer: swinViT.layers1.0.blocks.0.norm2.weight
2024-06-29 01:19:12,632 - logger - INFO - Loaded weight for layer: swinViT.layers1.0.blocks.0.norm2.bias
2024-06-29 01:19:12,632 - logger - INFO - Loaded weight for layer: swinViT.layers1.0.blocks.0.mlp.linear1.weight
2024-06-29 01:19:12,632 - logger - INFO - Loaded weight for layer: swinViT.layers1.0.blocks.0.mlp.linear1.bias
2024-06-29 01:19:12,632 - logger - INFO - Loaded weight for layer: swinViT.layers1.0.blocks.0.mlp.linear2.weight
2024-06-29 01:19:12,632 - logger - INFO - Loaded weight for layer: swinViT.layers1.0.blocks.0.mlp.linear2.bias
2024-06-29 01:19:12,632 - logger - INFO - Loaded weight for layer: swinViT.layers1.0.blocks.1.norm1.weight
2024-06-29 01:19:12,632 - logger - INFO - Loaded weight for layer: swinViT.layers1.0.blocks.1.norm1.bias
2024-06-29 01:19:12,632 - logger - INFO - Loaded weight for layer: swinViT.layers1.0.blocks.1.attn.relative_position_bias_table
2024-06-29 01:19:12,632 - logger - INFO - Loaded weight for layer: swinViT.layers1.0.blocks.1.attn.relative_position_index
2024-06-29 01:19:12,632 - logger - INFO - Loaded weight for layer: swinViT.layers1.0.blocks.1.attn.qkv.weight
2024-06-29 01:19:12,633 - logger - INFO - Loaded weight for layer: swinViT.layers1.0.blocks.1.attn.qkv.bias
2024-06-29 01:19:12,633 - logger - INFO - Loaded weight for layer: swinViT.layers1.0.blocks.1.attn.proj.weight
2024-06-29 01:19:12,633 - logger - INFO - Loaded weight for layer: swinViT.layers1.0.blocks.1.attn.proj.bias
2024-06-29 01:19:12,633 - logger - INFO - Loaded weight for layer: swinViT.layers1.0.blocks.1.norm2.weight
2024-06-29 01:19:12,633 - logger - INFO - Loaded weight for layer: swinViT.layers1.0.blocks.1.norm2.bias
2024-06-29 01:19:12,633 - logger - INFO - Loaded weight for layer: swinViT.layers1.0.blocks.1.mlp.linear1.weight
2024-06-29 01:19:12,633 - logger - INFO - Loaded weight for layer: swinViT.layers1.0.blocks.1.mlp.linear1.bias
2024-06-29 01:19:12,633 - logger - INFO - Loaded weight for layer: swinViT.layers1.0.blocks.1.mlp.linear2.weight
2024-06-29 01:19:12,633 - logger - INFO - Loaded weight for layer: swinViT.layers1.0.blocks.1.mlp.linear2.bias
2024-06-29 01:19:12,633 - logger - INFO - Loaded weight for layer: swinViT.layers1.0.downsample.reduction.weight
2024-06-29 01:19:12,633 - logger - INFO - Loaded weight for layer: swinViT.layers1.0.downsample.norm.weight
2024-06-29 01:19:12,633 - logger - INFO - Loaded weight for layer: swinViT.layers1.0.downsample.norm.bias
2024-06-29 01:19:12,633 - logger - INFO - Loaded weight for layer: swinViT.layers2.0.blocks.0.norm1.weight
2024-06-29 01:19:12,633 - logger - INFO - Loaded weight for layer: swinViT.layers2.0.blocks.0.norm1.bias
2024-06-29 01:19:12,633 - logger - INFO - Loaded weight for layer: swinViT.layers2.0.blocks.0.attn.relative_position_bias_table
2024-06-29 01:19:12,633 - logger - INFO - Loaded weight for layer: swinViT.layers2.0.blocks.0.attn.relative_position_index
2024-06-29 01:19:12,633 - logger - INFO - Loaded weight for layer: swinViT.layers2.0.blocks.0.attn.qkv.weight
2024-06-29 01:19:12,633 - logger - INFO - Loaded weight for layer: swinViT.layers2.0.blocks.0.attn.qkv.bias
2024-06-29 01:19:12,633 - logger - INFO - Loaded weight for layer: swinViT.layers2.0.blocks.0.attn.proj.weight
2024-06-29 01:19:12,634 - logger - INFO - Loaded weight for layer: swinViT.layers2.0.blocks.0.attn.proj.bias
2024-06-29 01:19:12,634 - logger - INFO - Loaded weight for layer: swinViT.layers2.0.blocks.0.norm2.weight
2024-06-29 01:19:12,634 - logger - INFO - Loaded weight for layer: swinViT.layers2.0.blocks.0.norm2.bias
2024-06-29 01:19:12,634 - logger - INFO - Loaded weight for layer: swinViT.layers2.0.blocks.0.mlp.linear1.weight
2024-06-29 01:19:12,634 - logger - INFO - Loaded weight for layer: swinViT.layers2.0.blocks.0.mlp.linear1.bias
2024-06-29 01:19:12,634 - logger - INFO - Loaded weight for layer: swinViT.layers2.0.blocks.0.mlp.linear2.weight
2024-06-29 01:19:12,634 - logger - INFO - Loaded weight for layer: swinViT.layers2.0.blocks.0.mlp.linear2.bias
2024-06-29 01:19:12,634 - logger - INFO - Loaded weight for layer: swinViT.layers2.0.blocks.1.norm1.weight
2024-06-29 01:19:12,634 - logger - INFO - Loaded weight for layer: swinViT.layers2.0.blocks.1.norm1.bias
2024-06-29 01:19:12,634 - logger - INFO - Loaded weight for layer: swinViT.layers2.0.blocks.1.attn.relative_position_bias_table
2024-06-29 01:19:12,634 - logger - INFO - Loaded weight for layer: swinViT.layers2.0.blocks.1.attn.relative_position_index
2024-06-29 01:19:12,634 - logger - INFO - Loaded weight for layer: swinViT.layers2.0.blocks.1.attn.qkv.weight
2024-06-29 01:19:12,634 - logger - INFO - Loaded weight for layer: swinViT.layers2.0.blocks.1.attn.qkv.bias
2024-06-29 01:19:12,634 - logger - INFO - Loaded weight for layer: swinViT.layers2.0.blocks.1.attn.proj.weight
2024-06-29 01:19:12,634 - logger - INFO - Loaded weight for layer: swinViT.layers2.0.blocks.1.attn.proj.bias
2024-06-29 01:19:12,634 - logger - INFO - Loaded weight for layer: swinViT.layers2.0.blocks.1.norm2.weight
2024-06-29 01:19:12,634 - logger - INFO - Loaded weight for layer: swinViT.layers2.0.blocks.1.norm2.bias
2024-06-29 01:19:12,634 - logger - INFO - Loaded weight for layer: swinViT.layers2.0.blocks.1.mlp.linear1.weight
2024-06-29 01:19:12,634 - logger - INFO - Loaded weight for layer: swinViT.layers2.0.blocks.1.mlp.linear1.bias
2024-06-29 01:19:12,634 - logger - INFO - Loaded weight for layer: swinViT.layers2.0.blocks.1.mlp.linear2.weight
2024-06-29 01:19:12,634 - logger - INFO - Loaded weight for layer: swinViT.layers2.0.blocks.1.mlp.linear2.bias
2024-06-29 01:19:12,635 - logger - INFO - Loaded weight for layer: swinViT.layers2.0.downsample.reduction.weight
2024-06-29 01:19:12,635 - logger - INFO - Loaded weight for layer: swinViT.layers2.0.downsample.norm.weight
2024-06-29 01:19:12,635 - logger - INFO - Loaded weight for layer: swinViT.layers2.0.downsample.norm.bias
2024-06-29 01:19:12,635 - logger - INFO - Loaded weight for layer: swinViT.layers3.0.blocks.0.norm1.weight
2024-06-29 01:19:12,635 - logger - INFO - Loaded weight for layer: swinViT.layers3.0.blocks.0.norm1.bias
2024-06-29 01:19:12,635 - logger - INFO - Loaded weight for layer: swinViT.layers3.0.blocks.0.attn.relative_position_bias_table
2024-06-29 01:19:12,635 - logger - INFO - Loaded weight for layer: swinViT.layers3.0.blocks.0.attn.relative_position_index
2024-06-29 01:19:12,635 - logger - INFO - Loaded weight for layer: swinViT.layers3.0.blocks.0.attn.qkv.weight
2024-06-29 01:19:12,635 - logger - INFO - Loaded weight for layer: swinViT.layers3.0.blocks.0.attn.qkv.bias
2024-06-29 01:19:12,635 - logger - INFO - Loaded weight for layer: swinViT.layers3.0.blocks.0.attn.proj.weight
2024-06-29 01:19:12,635 - logger - INFO - Loaded weight for layer: swinViT.layers3.0.blocks.0.attn.proj.bias
2024-06-29 01:19:12,635 - logger - INFO - Loaded weight for layer: swinViT.layers3.0.blocks.0.norm2.weight
2024-06-29 01:19:12,635 - logger - INFO - Loaded weight for layer: swinViT.layers3.0.blocks.0.norm2.bias
2024-06-29 01:19:12,635 - logger - INFO - Loaded weight for layer: swinViT.layers3.0.blocks.0.mlp.linear1.weight
2024-06-29 01:19:12,635 - logger - INFO - Loaded weight for layer: swinViT.layers3.0.blocks.0.mlp.linear1.bias
2024-06-29 01:19:12,635 - logger - INFO - Loaded weight for layer: swinViT.layers3.0.blocks.0.mlp.linear2.weight
2024-06-29 01:19:12,635 - logger - INFO - Loaded weight for layer: swinViT.layers3.0.blocks.0.mlp.linear2.bias
2024-06-29 01:19:12,635 - logger - INFO - Loaded weight for layer: swinViT.layers3.0.blocks.1.norm1.weight
2024-06-29 01:19:12,635 - logger - INFO - Loaded weight for layer: swinViT.layers3.0.blocks.1.norm1.bias
2024-06-29 01:19:12,635 - logger - INFO - Loaded weight for layer: swinViT.layers3.0.blocks.1.attn.relative_position_bias_table
2024-06-29 01:19:12,635 - logger - INFO - Loaded weight for layer: swinViT.layers3.0.blocks.1.attn.relative_position_index
2024-06-29 01:19:12,636 - logger - INFO - Loaded weight for layer: swinViT.layers3.0.blocks.1.attn.qkv.weight
2024-06-29 01:19:12,636 - logger - INFO - Loaded weight for layer: swinViT.layers3.0.blocks.1.attn.qkv.bias
2024-06-29 01:19:12,636 - logger - INFO - Loaded weight for layer: swinViT.layers3.0.blocks.1.attn.proj.weight
2024-06-29 01:19:12,636 - logger - INFO - Loaded weight for layer: swinViT.layers3.0.blocks.1.attn.proj.bias
2024-06-29 01:19:12,636 - logger - INFO - Loaded weight for layer: swinViT.layers3.0.blocks.1.norm2.weight
2024-06-29 01:19:12,636 - logger - INFO - Loaded weight for layer: swinViT.layers3.0.blocks.1.norm2.bias
2024-06-29 01:19:12,636 - logger - INFO - Loaded weight for layer: swinViT.layers3.0.blocks.1.mlp.linear1.weight
2024-06-29 01:19:12,636 - logger - INFO - Loaded weight for layer: swinViT.layers3.0.blocks.1.mlp.linear1.bias
2024-06-29 01:19:12,636 - logger - INFO - Loaded weight for layer: swinViT.layers3.0.blocks.1.mlp.linear2.weight
2024-06-29 01:19:12,636 - logger - INFO - Loaded weight for layer: swinViT.layers3.0.blocks.1.mlp.linear2.bias
2024-06-29 01:19:12,636 - logger - INFO - Loaded weight for layer: swinViT.layers3.0.downsample.reduction.weight
2024-06-29 01:19:12,636 - logger - INFO - Loaded weight for layer: swinViT.layers3.0.downsample.norm.weight
2024-06-29 01:19:12,636 - logger - INFO - Loaded weight for layer: swinViT.layers3.0.downsample.norm.bias
2024-06-29 01:19:12,636 - logger - INFO - Loaded weight for layer: swinViT.layers4.0.blocks.0.norm1.weight
2024-06-29 01:19:12,636 - logger - INFO - Loaded weight for layer: swinViT.layers4.0.blocks.0.norm1.bias
2024-06-29 01:19:12,636 - logger - INFO - Loaded weight for layer: swinViT.layers4.0.blocks.0.attn.relative_position_bias_table
2024-06-29 01:19:12,636 - logger - INFO - Loaded weight for layer: swinViT.layers4.0.blocks.0.attn.relative_position_index
2024-06-29 01:19:12,636 - logger - INFO - Loaded weight for layer: swinViT.layers4.0.blocks.0.attn.qkv.weight
2024-06-29 01:19:12,636 - logger - INFO - Loaded weight for layer: swinViT.layers4.0.blocks.0.attn.qkv.bias
2024-06-29 01:19:12,636 - logger - INFO - Loaded weight for layer: swinViT.layers4.0.blocks.0.attn.proj.weight
2024-06-29 01:19:12,636 - logger - INFO - Loaded weight for layer: swinViT.layers4.0.blocks.0.attn.proj.bias
2024-06-29 01:19:12,637 - logger - INFO - Loaded weight for layer: swinViT.layers4.0.blocks.0.norm2.weight
2024-06-29 01:19:12,637 - logger - INFO - Loaded weight for layer: swinViT.layers4.0.blocks.0.norm2.bias
2024-06-29 01:19:12,637 - logger - INFO - Loaded weight for layer: swinViT.layers4.0.blocks.0.mlp.linear1.weight
2024-06-29 01:19:12,637 - logger - INFO - Loaded weight for layer: swinViT.layers4.0.blocks.0.mlp.linear1.bias
2024-06-29 01:19:12,637 - logger - INFO - Loaded weight for layer: swinViT.layers4.0.blocks.0.mlp.linear2.weight
2024-06-29 01:19:12,637 - logger - INFO - Loaded weight for layer: swinViT.layers4.0.blocks.0.mlp.linear2.bias
2024-06-29 01:19:12,637 - logger - INFO - Loaded weight for layer: swinViT.layers4.0.blocks.1.norm1.weight
2024-06-29 01:19:12,637 - logger - INFO - Loaded weight for layer: swinViT.layers4.0.blocks.1.norm1.bias
2024-06-29 01:19:12,637 - logger - INFO - Loaded weight for layer: swinViT.layers4.0.blocks.1.attn.relative_position_bias_table
2024-06-29 01:19:12,637 - logger - INFO - Loaded weight for layer: swinViT.layers4.0.blocks.1.attn.relative_position_index
2024-06-29 01:19:12,637 - logger - INFO - Loaded weight for layer: swinViT.layers4.0.blocks.1.attn.qkv.weight
2024-06-29 01:19:12,637 - logger - INFO - Loaded weight for layer: swinViT.layers4.0.blocks.1.attn.qkv.bias
2024-06-29 01:19:12,637 - logger - INFO - Loaded weight for layer: swinViT.layers4.0.blocks.1.attn.proj.weight
2024-06-29 01:19:12,637 - logger - INFO - Loaded weight for layer: swinViT.layers4.0.blocks.1.attn.proj.bias
2024-06-29 01:19:12,637 - logger - INFO - Loaded weight for layer: swinViT.layers4.0.blocks.1.norm2.weight
2024-06-29 01:19:12,637 - logger - INFO - Loaded weight for layer: swinViT.layers4.0.blocks.1.norm2.bias
2024-06-29 01:19:12,637 - logger - INFO - Loaded weight for layer: swinViT.layers4.0.blocks.1.mlp.linear1.weight
2024-06-29 01:19:12,637 - logger - INFO - Loaded weight for layer: swinViT.layers4.0.blocks.1.mlp.linear1.bias
2024-06-29 01:19:12,637 - logger - INFO - Loaded weight for layer: swinViT.layers4.0.blocks.1.mlp.linear2.weight
2024-06-29 01:19:12,637 - logger - INFO - Loaded weight for layer: swinViT.layers4.0.blocks.1.mlp.linear2.bias
2024-06-29 01:19:12,637 - logger - INFO - Loaded weight for layer: swinViT.layers4.0.downsample.reduction.weight
2024-06-29 01:19:12,638 - logger - INFO - Loaded weight for layer: swinViT.layers4.0.downsample.norm.weight
2024-06-29 01:19:12,638 - logger - INFO - Loaded weight for layer: swinViT.layers4.0.downsample.norm.bias
2024-06-29 01:19:12,654 - logger - INFO - Using pretrained self-supervised Swin UNETR backbone weights: ../results/pre-trained_models/pretrain2222/2222model.pt
2024-06-29 01:19:12,654 - logger - WARNING - Missing keys when loading pretrained weights: ['encoder1.layer.conv1.conv.weight', 'encoder1.layer.conv2.conv.weight', 'encoder1.layer.conv3.conv.weight', 'encoder2.layer.conv1.conv.weight', 'encoder2.layer.conv2.conv.weight', 'encoder3.layer.conv1.conv.weight', 'encoder3.layer.conv2.conv.weight', 'encoder4.layer.conv1.conv.weight', 'encoder4.layer.conv2.conv.weight', 'encoder10.layer.conv1.conv.weight', 'encoder10.layer.conv2.conv.weight', 'decoder5.transp_conv.conv.weight', 'decoder5.conv_block.conv1.conv.weight', 'decoder5.conv_block.conv2.conv.weight', 'decoder5.conv_block.conv3.conv.weight', 'decoder4.transp_conv.conv.weight', 'decoder4.conv_block.conv1.conv.weight', 'decoder4.conv_block.conv2.conv.weight', 'decoder4.conv_block.conv3.conv.weight', 'decoder3.transp_conv.conv.weight', 'decoder3.conv_block.conv1.conv.weight', 'decoder3.conv_block.conv2.conv.weight', 'decoder3.conv_block.conv3.conv.weight', 'decoder2.transp_conv.conv.weight', 'decoder2.conv_block.conv1.conv.weight', 'decoder2.conv_block.conv2.conv.weight', 'decoder2.conv_block.conv3.conv.weight', 'decoder1.transp_conv.conv.weight', 'decoder1.conv_block.conv1.conv.weight', 'decoder1.conv_block.conv2.conv.weight', 'decoder1.conv_block.conv3.conv.weight', 'out.conv.conv.weight', 'out.conv.conv.bias']
2024-06-29 01:19:12,654 - logger - WARNING - Unexpected keys when loading pretrained weights: ['rotation_head.weight', 'rotation_head.bias', 'contrastive_head.weight', 'contrastive_head.bias', 'conv.0.weight', 'conv.0.bias', 'conv.4.weight', 'conv.4.bias', 'conv.8.weight', 'conv.8.bias', 'conv.12.weight', 'conv.12.bias', 'conv.16.weight', 'conv.16.bias', 'conv.20.weight', 'conv.20.bias']
2024-06-29 01:19:12,655 - logger - INFO - Total parameters count 62188387
2024-06-29 01:19:13,405 - logger - INFO - Writing Tensorboard logs to ./results_test_randCrop/pet-ct-ssl-fold0
2024-06-29 01:19:13,406 - logger - INFO - 0	Sat Jun 29 01:19:13 2024	Epoch: 0
